[2025-12-25 11:04:20 UTC] vlib work && vlog '-timescale' '1ns/1ns' '-sv' design.sv testbench.sv  && vsim -c -do "vsim +access+r; run -all; exit"  
VSIMSA: Configuration file changed: `/home/runner/library.cfg'
ALIB: Library "work" attached.
work = /home/runner/work/work.lib
MESSAGE "Unit top modules: tb."
SUCCESS "Compile success 0 Errors 0 Warnings  Analysis time: 0[s]."
done
# Aldec, Inc. Riviera-PRO version 2023.04.112.8911 built for Linux64 on May 12, 2023.
# HDL, SystemC, and Assertions simulator, debugger, and design environment.
# (c) 1999-2023 Aldec, Inc. All rights reserved.
# ELBREAD: Elaboration process.
# ELBREAD: Elaboration time 0.0 [s].
# KERNEL: Main thread initiated.
# KERNEL: Kernel process initialization phase.
# ELAB2: Elaboration final pass...
# ELAB2: Create instances ...
# KERNEL: Time resolution set to 1ns.
# ELAB2: Create instances complete.
# SLP: Started
# SLP: Elaboration phase ...
# SLP: Elaboration phase ... done : 0.0 [s]
# SLP: Generation phase ...
# SLP: Generation phase ... done : 0.0 [s]
# SLP: Finished : 0.1 [s]
# SLP: 0 primitives and 1 (100.00%) other processes in SLP
# SLP: 4 (33.33%) signals in SLP and 2 (16.67%) interface signals
# ELAB2: Elaboration final pass complete - time: 0.1 [s].
# KERNEL: SLP loading done - time: 0.0 [s].
# KERNEL: Warning: You are using the Riviera-PRO EDU Edition. The performance of simulation is reduced.
# KERNEL: Warning: Contact Aldec for available upgrade options - sales@aldec.com.
# KERNEL: SLP simulation initialization done - time: 0.0 [s].
# KERNEL: Kernel process initialization done.
# Allocation: Simulator allocated 4697 kB (elbread=451 elab2=4110 kernel=135 sdf=0)
# KERNEL: ASDB file was created in location /home/runner/dataset.asdb
# KERNEL: arr (size 5) = 0 5 10 15 20
# KERNEL: arr (size 30) = 0 5 10 15 20 0 0 0 0 0 0 0 0 0 0 0 0 0 0 0 0 0 0 0 0 0 0 0 0 0
# KERNEL: farr = 0 5 10 15 20 0 0 0 0 0 0 0 0 0 0 0 0 0 0 0 0 0 0 0 0 0 0 0 0 0
# RUNTIME: Info: RUNTIME_0068 testbench.sv (29): $finish called.
# KERNEL: Time: 0 ns,  Iteration: 0,  Instance: /tb,  Process: @INITIAL#6_0@.
# KERNEL: stopped at time: 0 ns
# VSIM: Simulation has finished. There are no more test vectors to simulate.
# VSIM: Simulation has finished.
